mode: atomic
github.com/vdshakh/intellias_hw12/main.go:10.50,12.11 2 7
github.com/vdshakh/intellias_hw12/main.go:20.2,20.11 1 6
github.com/vdshakh/intellias_hw12/main.go:27.2,27.7 1 4
github.com/vdshakh/intellias_hw12/main.go:31.2,31.19 1 4
github.com/vdshakh/intellias_hw12/main.go:35.2,35.17 1 4
github.com/vdshakh/intellias_hw12/main.go:13.21,14.25 1 4
github.com/vdshakh/intellias_hw12/main.go:15.18,15.18 0 2
github.com/vdshakh/intellias_hw12/main.go:16.10,17.37 1 1
github.com/vdshakh/intellias_hw12/main.go:21.26,22.11 1 4
github.com/vdshakh/intellias_hw12/main.go:23.10,24.37 1 2
github.com/vdshakh/intellias_hw12/main.go:27.7,29.3 1 3
github.com/vdshakh/intellias_hw12/main.go:31.19,33.3 1 2
